
    
<-<-<================================================================================>->->
    File generated by leekslazylogger v2.0.7 by eartharoid (http://leeks.js.org/logger)
    DiscordTickets | Log File
    Friday, 12th February 2021, 14:35 pm (Europe/Amsterdam) -->
    Node: v14.15.4 on 'Windows' | Time format: 'HH:mm:ss' | Date format: 'YYYY-MM-DD'
<-<-<================================================================================>->->


[14:35:48 | INFO] Using SQLite storage
[14:35:49 | INFO] > Loaded debug event
[14:35:49 | INFO] > Loaded error event
[14:35:49 | INFO] > Loaded message event
[14:35:49 | INFO] > Loaded messageDelete event
[14:35:49 | INFO] > Loaded messageReactionAdd event
[14:35:49 | INFO] > Loaded messageUpdate event
[14:35:49 | INFO] > Loaded rateLimit event
[14:35:49 | INFO] > Loaded ready event
[14:35:49 | INFO] > Loaded warn event
[14:35:49 | INFO] > Loaded -add command
[14:35:49 | INFO] > Loaded -close command
[14:35:49 | INFO] > Loaded -closeall command
[14:35:49 | INFO] > Loaded -delete command
[14:35:49 | INFO] > Loaded -help command
[14:35:49 | INFO] > Loaded -new command
[14:35:49 | INFO] > Loaded -panel command
[14:35:49 | INFO] > Loaded -remove command
[14:35:49 | INFO] > Loaded -rename command
[14:35:49 | INFO] > Loaded -stats command
[14:35:49 | INFO] > Loaded -tickets command
[14:35:49 | INFO] > Loaded -topic command
[14:35:49 | INFO] > Loaded -transcript command
[14:35:49 | INFO] > Loaded -transfer command
[14:35:49 | INFO] Loaded 9 events and 14 commands
[14:35:50 | INFO] Authenticated as Discord Bot test#8757
[14:35:50 | WARN] An error was not caught
[14:35:50 | WARN] Uncaught TypeError: Cannot read property 'member' of undefined
[14:35:50 | ERROR] TypeError: Cannot read property 'member' of undefined
    at Object.execute (C:\Users\raymo\OneDrive\Bureaublad\cmder\DiscordTickets\src\events\ready.js:37:44)
    at Client.<anonymous> (C:\Users\raymo\OneDrive\Bureaublad\cmder\DiscordTickets\src\index.js:130:68)
    at Client.emit (events.js:315:20)
    at WebSocketManager.triggerClientReady (C:\Users\raymo\OneDrive\Bureaublad\cmder\DiscordTickets\node_modules\discord.js\src\client\websocket\WebSocketManager.js:431:17)
    at WebSocketManager.checkShardsReady (C:\Users\raymo\OneDrive\Bureaublad\cmder\DiscordTickets\node_modules\discord.js\src\client\websocket\WebSocketManager.js:415:10)
    at WebSocketShard.<anonymous> (C:\Users\raymo\OneDrive\Bureaublad\cmder\DiscordTickets\node_modules\discord.js\src\client\websocket\WebSocketManager.js:197:14)
    at WebSocketShard.emit (events.js:315:20)
    at WebSocketShard.checkReady (C:\Users\raymo\OneDrive\Bureaublad\cmder\DiscordTickets\node_modules\discord.js\src\client\websocket\WebSocketShard.js:475:12)
    at WebSocketShard.onPacket (C:\Users\raymo\OneDrive\Bureaublad\cmder\DiscordTickets\node_modules\discord.js\src\client\websocket\WebSocketShard.js:447:16)
    at WebSocketShard.onMessage (C:\Users\raymo\OneDrive\Bureaublad\cmder\DiscordTickets\node_modules\discord.js\src\client\websocket\WebSocketShard.js:301:10)

    
<-<-<================================================================================>->->
    File generated by leekslazylogger v2.0.7 by eartharoid (http://leeks.js.org/logger)
    DiscordTickets | Log File
    Friday, 12th February 2021, 14:37 pm (Europe/Amsterdam) -->
    Node: v14.15.4 on 'Windows' | Time format: 'HH:mm:ss' | Date format: 'YYYY-MM-DD'
<-<-<================================================================================>->->


[14:37:17 | INFO] Using SQLite storage
[14:37:18 | INFO] > Loaded debug event
[14:37:18 | INFO] > Loaded error event
[14:37:18 | INFO] > Loaded message event
[14:37:18 | INFO] > Loaded messageDelete event
[14:37:18 | INFO] > Loaded messageReactionAdd event
[14:37:18 | INFO] > Loaded messageUpdate event
[14:37:18 | INFO] > Loaded rateLimit event
[14:37:18 | INFO] > Loaded ready event
[14:37:18 | INFO] > Loaded warn event
[14:37:18 | INFO] > Loaded -add command
[14:37:18 | INFO] > Loaded -close command
[14:37:18 | INFO] > Loaded -closeall command
[14:37:18 | INFO] > Loaded -delete command
[14:37:18 | INFO] > Loaded -help command
[14:37:18 | INFO] > Loaded -new command
[14:37:18 | INFO] > Loaded -panel command
[14:37:18 | INFO] > Loaded -remove command
[14:37:18 | INFO] > Loaded -rename command
[14:37:18 | INFO] > Loaded -stats command
[14:37:18 | INFO] > Loaded -tickets command
[14:37:18 | INFO] > Loaded -topic command
[14:37:18 | INFO] > Loaded -transcript command
[14:37:18 | INFO] > Loaded -transfer command
[14:37:18 | INFO] Loaded 9 events and 14 commands
[14:37:19 | INFO] Authenticated as Discord Bot test#8757
[14:38:07 | WARN] An error was not caught
[14:38:07 | WARN] Uncaught TypeError: Cannot read property 'member' of undefined
[14:38:07 | ERROR] TypeError: Cannot read property 'member' of undefined
    at Object.execute (C:\Users\raymo\OneDrive\Bureaublad\cmder\DiscordTickets\src\events\ready.js:37:44)
    at Client.<anonymous> (C:\Users\raymo\OneDrive\Bureaublad\cmder\DiscordTickets\src\index.js:130:68)
    at Client.emit (events.js:315:20)
    at WebSocketManager.triggerClientReady (C:\Users\raymo\OneDrive\Bureaublad\cmder\DiscordTickets\node_modules\discord.js\src\client\websocket\WebSocketManager.js:431:17)
    at WebSocketManager.checkShardsReady (C:\Users\raymo\OneDrive\Bureaublad\cmder\DiscordTickets\node_modules\discord.js\src\client\websocket\WebSocketManager.js:415:10)
    at WebSocketShard.<anonymous> (C:\Users\raymo\OneDrive\Bureaublad\cmder\DiscordTickets\node_modules\discord.js\src\client\websocket\WebSocketManager.js:197:14)
    at WebSocketShard.emit (events.js:315:20)
    at WebSocketShard.checkReady (C:\Users\raymo\OneDrive\Bureaublad\cmder\DiscordTickets\node_modules\discord.js\src\client\websocket\WebSocketShard.js:475:12)
    at WebSocketShard.onPacket (C:\Users\raymo\OneDrive\Bureaublad\cmder\DiscordTickets\node_modules\discord.js\src\client\websocket\WebSocketShard.js:447:16)
    at WebSocketShard.onMessage (C:\Users\raymo\OneDrive\Bureaublad\cmder\DiscordTickets\node_modules\discord.js\src\client\websocket\WebSocketShard.js:301:10)
[14:38:07 | WARN] An error was not caught
[14:38:07 | WARN] Uncaught TypeError: Cannot read property 'id' of undefined
[14:38:07 | ERROR] TypeError: Cannot read property 'id' of undefined
    at Object.execute (C:\Users\raymo\OneDrive\Bureaublad\cmder\DiscordTickets\src\events\message.js:59:34)
[14:38:07 | WARN] An error was not caught
[14:38:07 | WARN] Uncaught TypeError: Cannot read property 'id' of undefined
[14:38:07 | ERROR] TypeError: Cannot read property 'id' of undefined
    at Object.execute (C:\Users\raymo\OneDrive\Bureaublad\cmder\DiscordTickets\src\events\message.js:59:34)
[14:38:07 | WARN] An error was not caught
[14:38:07 | WARN] Uncaught TypeError: Cannot read property 'id' of undefined
[14:38:07 | ERROR] TypeError: Cannot read property 'id' of undefined
    at Object.execute (C:\Users\raymo\OneDrive\Bureaublad\cmder\DiscordTickets\src\events\message.js:59:34)
[14:38:07 | WARN] An error was not caught
[14:38:07 | WARN] Uncaught TypeError: Cannot read property 'id' of undefined
[14:38:07 | ERROR] TypeError: Cannot read property 'id' of undefined
    at Object.execute (C:\Users\raymo\OneDrive\Bureaublad\cmder\DiscordTickets\src\events\message.js:59:34)

    
<-<-<================================================================================>->->
    File generated by leekslazylogger v2.0.7 by eartharoid (http://leeks.js.org/logger)
    DiscordTickets | Log File
    Friday, 12th February 2021, 14:39 pm (Europe/Amsterdam) -->
    Node: v14.15.4 on 'Windows' | Time format: 'HH:mm:ss' | Date format: 'YYYY-MM-DD'
<-<-<================================================================================>->->


[14:39:47 | INFO] Using SQLite storage
[14:39:47 | INFO] > Loaded debug event
[14:39:47 | INFO] > Loaded error event
[14:39:47 | INFO] > Loaded message event
[14:39:47 | INFO] > Loaded messageDelete event
[14:39:47 | INFO] > Loaded messageReactionAdd event
[14:39:47 | INFO] > Loaded messageUpdate event
[14:39:47 | INFO] > Loaded rateLimit event
[14:39:47 | INFO] > Loaded ready event
[14:39:47 | INFO] > Loaded warn event
[14:39:47 | INFO] > Loaded -add command
[14:39:48 | INFO] > Loaded -close command
[14:39:48 | INFO] > Loaded -closeall command
[14:39:48 | INFO] > Loaded -delete command
[14:39:48 | INFO] > Loaded -help command
[14:39:48 | INFO] > Loaded -new command
[14:39:48 | INFO] > Loaded -panel command
[14:39:48 | INFO] > Loaded -remove command
[14:39:48 | INFO] > Loaded -rename command
[14:39:48 | INFO] > Loaded -stats command
[14:39:48 | INFO] > Loaded -tickets command
[14:39:48 | INFO] > Loaded -topic command
[14:39:48 | INFO] > Loaded -transcript command
[14:39:48 | INFO] > Loaded -transfer command
[14:39:48 | INFO] Loaded 9 events and 14 commands
[14:39:49 | INFO] Authenticated as Discord Bot test#8757
[14:39:49 | WARN] An error was not caught
[14:39:49 | WARN] Uncaught TypeError: Cannot read property 'member' of undefined
[14:39:49 | ERROR] TypeError: Cannot read property 'member' of undefined
    at Object.execute (C:\Users\raymo\OneDrive\Bureaublad\cmder\DiscordTickets\src\events\ready.js:37:44)
    at Client.<anonymous> (C:\Users\raymo\OneDrive\Bureaublad\cmder\DiscordTickets\src\index.js:130:68)
    at Client.emit (events.js:315:20)
    at WebSocketManager.triggerClientReady (C:\Users\raymo\OneDrive\Bureaublad\cmder\DiscordTickets\node_modules\discord.js\src\client\websocket\WebSocketManager.js:431:17)
    at WebSocketManager.checkShardsReady (C:\Users\raymo\OneDrive\Bureaublad\cmder\DiscordTickets\node_modules\discord.js\src\client\websocket\WebSocketManager.js:415:10)
    at WebSocketShard.<anonymous> (C:\Users\raymo\OneDrive\Bureaublad\cmder\DiscordTickets\node_modules\discord.js\src\client\websocket\WebSocketManager.js:197:14)
    at WebSocketShard.emit (events.js:315:20)
    at WebSocketShard.checkReady (C:\Users\raymo\OneDrive\Bureaublad\cmder\DiscordTickets\node_modules\discord.js\src\client\websocket\WebSocketShard.js:475:12)
    at WebSocketShard.onPacket (C:\Users\raymo\OneDrive\Bureaublad\cmder\DiscordTickets\node_modules\discord.js\src\client\websocket\WebSocketShard.js:447:16)
    at WebSocketShard.onMessage (C:\Users\raymo\OneDrive\Bureaublad\cmder\DiscordTickets\node_modules\discord.js\src\client\websocket\WebSocketShard.js:301:10)

    
<-<-<================================================================================>->->
    File generated by leekslazylogger v2.0.7 by eartharoid (http://leeks.js.org/logger)
    DiscordTickets | Log File
    Friday, 12th February 2021, 14:43 pm (Europe/Amsterdam) -->
    Node: v14.15.4 on 'Windows' | Time format: 'HH:mm:ss' | Date format: 'YYYY-MM-DD'
<-<-<================================================================================>->->


[14:43:15 | INFO] Using SQLite storage
[14:43:16 | INFO] > Loaded debug event
[14:43:16 | INFO] > Loaded error event
[14:43:16 | INFO] > Loaded message event
[14:43:16 | INFO] > Loaded messageDelete event
[14:43:16 | INFO] > Loaded messageReactionAdd event
[14:43:16 | INFO] > Loaded messageUpdate event
[14:43:16 | INFO] > Loaded rateLimit event
[14:43:16 | INFO] > Loaded ready event
[14:43:16 | INFO] > Loaded warn event
[14:43:16 | INFO] > Loaded -add command
[14:43:16 | INFO] > Loaded -close command
[14:43:16 | INFO] > Loaded -closeall command
[14:43:16 | INFO] > Loaded -delete command
[14:43:16 | INFO] > Loaded -help command
[14:43:16 | INFO] > Loaded -new command
[14:43:16 | INFO] > Loaded -panel command
[14:43:16 | INFO] > Loaded -remove command
[14:43:16 | INFO] > Loaded -rename command
[14:43:16 | INFO] > Loaded -stats command
[14:43:17 | INFO] > Loaded -tickets command
[14:43:17 | INFO] > Loaded -topic command
[14:43:17 | INFO] > Loaded -transcript command
[14:43:17 | INFO] > Loaded -transfer command
[14:43:17 | INFO] Loaded 9 events and 14 commands
[14:43:17 | INFO] Authenticated as Discord Bot test#8757
[14:43:17 | WARN] An error was not caught
[14:43:17 | WARN] Uncaught TypeError: Cannot read property 'member' of undefined
[14:43:17 | ERROR] TypeError: Cannot read property 'member' of undefined
    at Object.execute (C:\Users\raymo\OneDrive\Bureaublad\cmder\DiscordTickets\src\events\ready.js:37:44)
    at Client.<anonymous> (C:\Users\raymo\OneDrive\Bureaublad\cmder\DiscordTickets\src\index.js:130:68)
    at Client.emit (events.js:315:20)
    at WebSocketManager.triggerClientReady (C:\Users\raymo\OneDrive\Bureaublad\cmder\DiscordTickets\node_modules\discord.js\src\client\websocket\WebSocketManager.js:431:17)
    at WebSocketManager.checkShardsReady (C:\Users\raymo\OneDrive\Bureaublad\cmder\DiscordTickets\node_modules\discord.js\src\client\websocket\WebSocketManager.js:415:10)
    at WebSocketShard.<anonymous> (C:\Users\raymo\OneDrive\Bureaublad\cmder\DiscordTickets\node_modules\discord.js\src\client\websocket\WebSocketManager.js:197:14)
    at WebSocketShard.emit (events.js:315:20)
    at WebSocketShard.checkReady (C:\Users\raymo\OneDrive\Bureaublad\cmder\DiscordTickets\node_modules\discord.js\src\client\websocket\WebSocketShard.js:475:12)
    at WebSocketShard.onPacket (C:\Users\raymo\OneDrive\Bureaublad\cmder\DiscordTickets\node_modules\discord.js\src\client\websocket\WebSocketShard.js:447:16)
    at WebSocketShard.onMessage (C:\Users\raymo\OneDrive\Bureaublad\cmder\DiscordTickets\node_modules\discord.js\src\client\websocket\WebSocketShard.js:301:10)

    
<-<-<================================================================================>->->
    File generated by leekslazylogger v2.0.7 by eartharoid (http://leeks.js.org/logger)
    DiscordTickets | Log File
    Friday, 12th February 2021, 14:43 pm (Europe/Amsterdam) -->
    Node: v14.15.4 on 'Windows' | Time format: 'HH:mm:ss' | Date format: 'YYYY-MM-DD'
<-<-<================================================================================>->->


[14:43:59 | INFO] Using SQLite storage
[14:44:00 | INFO] > Loaded debug event
[14:44:00 | INFO] > Loaded error event
[14:44:00 | INFO] > Loaded message event
[14:44:00 | INFO] > Loaded messageDelete event
[14:44:00 | INFO] > Loaded messageReactionAdd event
[14:44:00 | INFO] > Loaded messageUpdate event
[14:44:00 | INFO] > Loaded rateLimit event
[14:44:00 | INFO] > Loaded ready event
[14:44:00 | INFO] > Loaded warn event
[14:44:00 | INFO] > Loaded -add command
[14:44:00 | INFO] > Loaded -close command
[14:44:00 | INFO] > Loaded -closeall command
[14:44:00 | INFO] > Loaded -delete command
[14:44:00 | INFO] > Loaded -help command
[14:44:00 | INFO] > Loaded -new command
[14:44:00 | INFO] > Loaded -panel command
[14:44:00 | INFO] > Loaded -remove command
[14:44:00 | INFO] > Loaded -rename command
[14:44:00 | INFO] > Loaded -stats command
[14:44:00 | INFO] > Loaded -tickets command
[14:44:00 | INFO] > Loaded -topic command
[14:44:00 | INFO] > Loaded -transcript command
[14:44:00 | INFO] > Loaded -transfer command
[14:44:00 | INFO] Loaded 9 events and 14 commands
[14:44:01 | INFO] Authenticated as Discord Bot test#8757
[14:44:01 | WARN] An error was not caught
[14:44:01 | WARN] Uncaught TypeError: Cannot read property 'members' of undefined
[14:44:01 | ERROR] TypeError: Cannot read property 'members' of undefined
    at Object.execute (C:\Users\raymo\OneDrive\Bureaublad\cmder\DiscordTickets\src\events\ready.js:37:44)
    at Client.<anonymous> (C:\Users\raymo\OneDrive\Bureaublad\cmder\DiscordTickets\src\index.js:130:68)
    at Client.emit (events.js:315:20)
    at WebSocketManager.triggerClientReady (C:\Users\raymo\OneDrive\Bureaublad\cmder\DiscordTickets\node_modules\discord.js\src\client\websocket\WebSocketManager.js:431:17)
    at WebSocketManager.checkShardsReady (C:\Users\raymo\OneDrive\Bureaublad\cmder\DiscordTickets\node_modules\discord.js\src\client\websocket\WebSocketManager.js:415:10)
    at WebSocketShard.<anonymous> (C:\Users\raymo\OneDrive\Bureaublad\cmder\DiscordTickets\node_modules\discord.js\src\client\websocket\WebSocketManager.js:197:14)
    at WebSocketShard.emit (events.js:315:20)
    at WebSocketShard.checkReady (C:\Users\raymo\OneDrive\Bureaublad\cmder\DiscordTickets\node_modules\discord.js\src\client\websocket\WebSocketShard.js:475:12)
    at WebSocketShard.onPacket (C:\Users\raymo\OneDrive\Bureaublad\cmder\DiscordTickets\node_modules\discord.js\src\client\websocket\WebSocketShard.js:447:16)
    at WebSocketShard.onMessage (C:\Users\raymo\OneDrive\Bureaublad\cmder\DiscordTickets\node_modules\discord.js\src\client\websocket\WebSocketShard.js:301:10)

    
<-<-<================================================================================>->->
    File generated by leekslazylogger v2.0.7 by eartharoid (http://leeks.js.org/logger)
    DiscordTickets | Log File
    Friday, 12th February 2021, 14:44 pm (Europe/Amsterdam) -->
    Node: v14.15.4 on 'Windows' | Time format: 'HH:mm:ss' | Date format: 'YYYY-MM-DD'
<-<-<================================================================================>->->


[14:44:24 | INFO] Using SQLite storage
[14:44:24 | INFO] > Loaded debug event
[14:44:24 | INFO] > Loaded error event
[14:44:25 | INFO] > Loaded message event
[14:44:25 | INFO] > Loaded messageDelete event
[14:44:25 | INFO] > Loaded messageReactionAdd event
[14:44:25 | INFO] > Loaded messageUpdate event
[14:44:25 | INFO] > Loaded rateLimit event
[14:44:25 | INFO] > Loaded ready event
[14:44:25 | INFO] > Loaded warn event
[14:44:25 | INFO] > Loaded -add command
[14:44:25 | INFO] > Loaded -close command
[14:44:25 | INFO] > Loaded -closeall command
[14:44:25 | INFO] > Loaded -delete command
[14:44:25 | INFO] > Loaded -help command
[14:44:25 | INFO] > Loaded -new command
[14:44:25 | INFO] > Loaded -panel command
[14:44:25 | INFO] > Loaded -remove command
[14:44:25 | INFO] > Loaded -rename command
[14:44:25 | INFO] > Loaded -stats command
[14:44:25 | INFO] > Loaded -tickets command
[14:44:25 | INFO] > Loaded -topic command
[14:44:25 | INFO] > Loaded -transcript command
[14:44:25 | INFO] > Loaded -transfer command
[14:44:25 | INFO] Loaded 9 events and 14 commands
[14:44:26 | INFO] Authenticated as Discord Bot test#8757
[14:44:26 | WARN] An error was not caught
[14:44:26 | WARN] Uncaught TypeError: client.guilds.cache.get(...) is not a function
[14:44:26 | ERROR] TypeError: client.guilds.cache.get(...) is not a function
    at Object.execute (C:\Users\raymo\OneDrive\Bureaublad\cmder\DiscordTickets\src\events\ready.js:37:44)
    at Client.<anonymous> (C:\Users\raymo\OneDrive\Bureaublad\cmder\DiscordTickets\src\index.js:130:68)
    at Client.emit (events.js:315:20)
    at WebSocketManager.triggerClientReady (C:\Users\raymo\OneDrive\Bureaublad\cmder\DiscordTickets\node_modules\discord.js\src\client\websocket\WebSocketManager.js:431:17)
    at WebSocketManager.checkShardsReady (C:\Users\raymo\OneDrive\Bureaublad\cmder\DiscordTickets\node_modules\discord.js\src\client\websocket\WebSocketManager.js:415:10)
    at WebSocketShard.<anonymous> (C:\Users\raymo\OneDrive\Bureaublad\cmder\DiscordTickets\node_modules\discord.js\src\client\websocket\WebSocketManager.js:197:14)
    at WebSocketShard.emit (events.js:315:20)
    at WebSocketShard.checkReady (C:\Users\raymo\OneDrive\Bureaublad\cmder\DiscordTickets\node_modules\discord.js\src\client\websocket\WebSocketShard.js:475:12)
    at WebSocketShard.onPacket (C:\Users\raymo\OneDrive\Bureaublad\cmder\DiscordTickets\node_modules\discord.js\src\client\websocket\WebSocketShard.js:447:16)
    at WebSocketShard.onMessage (C:\Users\raymo\OneDrive\Bureaublad\cmder\DiscordTickets\node_modules\discord.js\src\client\websocket\WebSocketShard.js:301:10)

    
<-<-<================================================================================>->->
    File generated by leekslazylogger v2.0.7 by eartharoid (http://leeks.js.org/logger)
    DiscordTickets | Log File
    Friday, 12th February 2021, 14:45 pm (Europe/Amsterdam) -->
    Node: v14.15.4 on 'Windows' | Time format: 'HH:mm:ss' | Date format: 'YYYY-MM-DD'
<-<-<================================================================================>->->


[14:45:02 | INFO] Using SQLite storage
[14:45:02 | INFO] > Loaded debug event
[14:45:02 | INFO] > Loaded error event
[14:45:02 | INFO] > Loaded message event
[14:45:02 | INFO] > Loaded messageDelete event
[14:45:02 | INFO] > Loaded messageReactionAdd event
[14:45:02 | INFO] > Loaded messageUpdate event
[14:45:02 | INFO] > Loaded rateLimit event
[14:45:02 | INFO] > Loaded ready event
[14:45:02 | INFO] > Loaded warn event
[14:45:02 | INFO] > Loaded -add command
[14:45:03 | INFO] > Loaded -close command
[14:45:03 | INFO] > Loaded -closeall command
[14:45:03 | INFO] > Loaded -delete command
[14:45:03 | INFO] > Loaded -help command
[14:45:03 | INFO] > Loaded -new command
[14:45:03 | INFO] > Loaded -panel command
[14:45:03 | INFO] > Loaded -remove command
[14:45:03 | INFO] > Loaded -rename command
[14:45:03 | INFO] > Loaded -stats command
[14:45:03 | INFO] > Loaded -tickets command
[14:45:03 | INFO] > Loaded -topic command
[14:45:03 | INFO] > Loaded -transcript command
[14:45:03 | INFO] > Loaded -transfer command
[14:45:03 | INFO] Loaded 9 events and 14 commands
[14:45:04 | INFO] Authenticated as Discord Bot test#8757
[14:45:04 | WARN] An error was not caught
[14:45:04 | WARN] Uncaught TypeError: Cannot read property 'members' of undefined
[14:45:04 | ERROR] TypeError: Cannot read property 'members' of undefined
    at Object.execute (C:\Users\raymo\OneDrive\Bureaublad\cmder\DiscordTickets\src\events\ready.js:37:44)
    at Client.<anonymous> (C:\Users\raymo\OneDrive\Bureaublad\cmder\DiscordTickets\src\index.js:130:68)
    at Client.emit (events.js:315:20)
    at WebSocketManager.triggerClientReady (C:\Users\raymo\OneDrive\Bureaublad\cmder\DiscordTickets\node_modules\discord.js\src\client\websocket\WebSocketManager.js:431:17)
    at WebSocketManager.checkShardsReady (C:\Users\raymo\OneDrive\Bureaublad\cmder\DiscordTickets\node_modules\discord.js\src\client\websocket\WebSocketManager.js:415:10)
    at WebSocketShard.<anonymous> (C:\Users\raymo\OneDrive\Bureaublad\cmder\DiscordTickets\node_modules\discord.js\src\client\websocket\WebSocketManager.js:197:14)
    at WebSocketShard.emit (events.js:315:20)
    at WebSocketShard.checkReady (C:\Users\raymo\OneDrive\Bureaublad\cmder\DiscordTickets\node_modules\discord.js\src\client\websocket\WebSocketShard.js:475:12)
    at WebSocketShard.onPacket (C:\Users\raymo\OneDrive\Bureaublad\cmder\DiscordTickets\node_modules\discord.js\src\client\websocket\WebSocketShard.js:447:16)
    at WebSocketShard.onMessage (C:\Users\raymo\OneDrive\Bureaublad\cmder\DiscordTickets\node_modules\discord.js\src\client\websocket\WebSocketShard.js:301:10)

    
<-<-<================================================================================>->->
    File generated by leekslazylogger v2.0.7 by eartharoid (http://leeks.js.org/logger)
    DiscordTickets | Log File
    Friday, 12th February 2021, 14:45 pm (Europe/Amsterdam) -->
    Node: v14.15.4 on 'Windows' | Time format: 'HH:mm:ss' | Date format: 'YYYY-MM-DD'
<-<-<================================================================================>->->


[14:45:37 | INFO] Using SQLite storage
[14:45:38 | INFO] > Loaded debug event
[14:45:38 | INFO] > Loaded error event
[14:45:38 | INFO] > Loaded message event
[14:45:38 | INFO] > Loaded messageDelete event
[14:45:38 | INFO] > Loaded messageReactionAdd event
[14:45:38 | INFO] > Loaded messageUpdate event
[14:45:38 | INFO] > Loaded rateLimit event
[14:45:38 | INFO] > Loaded ready event
[14:45:38 | INFO] > Loaded warn event
[14:45:38 | INFO] > Loaded -add command
[14:45:38 | INFO] > Loaded -close command
[14:45:38 | INFO] > Loaded -closeall command
[14:45:38 | INFO] > Loaded -delete command
[14:45:38 | INFO] > Loaded -help command
[14:45:38 | INFO] > Loaded -new command
[14:45:38 | INFO] > Loaded -panel command
[14:45:38 | INFO] > Loaded -remove command
[14:45:38 | INFO] > Loaded -rename command
[14:45:38 | INFO] > Loaded -stats command
[14:45:38 | INFO] > Loaded -tickets command
[14:45:38 | INFO] > Loaded -topic command
[14:45:38 | INFO] > Loaded -transcript command
[14:45:38 | INFO] > Loaded -transfer command
[14:45:38 | INFO] Loaded 9 events and 14 commands
[14:45:39 | INFO] Authenticated as Discord Bot test#8757
[14:45:45 | WARN] An error was not caught
[14:45:45 | WARN] Uncaught TypeError: Cannot read property 'id' of undefined
[14:45:45 | ERROR] TypeError: Cannot read property 'id' of undefined
    at Object.execute (C:\Users\raymo\OneDrive\Bureaublad\cmder\DiscordTickets\src\events\message.js:59:34)
[14:47:43 | WARN] An error was not caught
[14:47:43 | WARN] Uncaught TypeError: Cannot read property 'id' of undefined
[14:47:43 | ERROR] TypeError: Cannot read property 'id' of undefined
    at Object.execute (C:\Users\raymo\OneDrive\Bureaublad\cmder\DiscordTickets\src\events\message.js:59:34)
[14:48:07 | WARN] An error was not caught
[14:48:07 | WARN] Uncaught TypeError: Cannot read property 'id' of undefined
[14:48:08 | ERROR] TypeError: Cannot read property 'id' of undefined
    at Object.execute (C:\Users\raymo\OneDrive\Bureaublad\cmder\DiscordTickets\src\events\message.js:59:34)

    
<-<-<================================================================================>->->
    File generated by leekslazylogger v2.0.7 by eartharoid (http://leeks.js.org/logger)
    DiscordTickets | Log File
    Friday, 12th February 2021, 19:31 pm (Europe/Amsterdam) -->
    Node: v14.15.4 on 'Windows' | Time format: 'HH:mm:ss' | Date format: 'YYYY-MM-DD'
<-<-<================================================================================>->->


[19:31:14 | INFO] Using SQLite storage
[19:31:18 | INFO] > Loaded debug event
[19:31:18 | INFO] > Loaded error event
[19:31:18 | INFO] > Loaded message event
[19:31:18 | INFO] > Loaded messageDelete event
[19:31:18 | INFO] > Loaded messageReactionAdd event
[19:31:18 | INFO] > Loaded messageUpdate event
[19:31:18 | INFO] > Loaded rateLimit event
[19:31:18 | INFO] > Loaded ready event
[19:31:18 | INFO] > Loaded warn event
[19:31:18 | INFO] > Loaded -add command
[19:31:18 | INFO] > Loaded -close command
[19:31:18 | INFO] > Loaded -closeall command
[19:31:18 | INFO] > Loaded -delete command
[19:31:18 | INFO] > Loaded -help command
[19:31:18 | INFO] > Loaded -new command
[19:31:18 | INFO] > Loaded -panel command
[19:31:18 | INFO] > Loaded -remove command
[19:31:18 | INFO] > Loaded -rename command
[19:31:18 | INFO] > Loaded -stats command
[19:31:18 | INFO] > Loaded -tickets command
[19:31:18 | INFO] > Loaded -topic command
[19:31:18 | INFO] > Loaded -transcript command
[19:31:18 | INFO] > Loaded -transfer command
[19:31:18 | INFO] Loaded 9 events and 14 commands
[19:31:19 | INFO] Authenticated as Discord Bot test#8757
[19:31:26 | WARN] An error was not caught
[19:31:26 | WARN] Uncaught TypeError: Cannot read property 'id' of undefined
[19:31:26 | ERROR] TypeError: Cannot read property 'id' of undefined
    at Object.execute (C:\Users\raymo\OneDrive\Bureaublad\cmder\DiscordTickets\src\events\message.js:59:34)

    
<-<-<================================================================================>->->
    File generated by leekslazylogger v2.0.7 by eartharoid (http://leeks.js.org/logger)
    DiscordTickets | Log File
    Friday, 12th February 2021, 19:32 pm (Europe/Amsterdam) -->
    Node: v14.15.4 on 'Windows' | Time format: 'HH:mm:ss' | Date format: 'YYYY-MM-DD'
<-<-<================================================================================>->->


[19:32:15 | INFO] Using SQLite storage
[19:32:16 | INFO] > Loaded debug event
[19:32:16 | INFO] > Loaded error event
[19:32:16 | INFO] > Loaded message event
[19:32:16 | INFO] > Loaded messageDelete event
[19:32:16 | INFO] > Loaded messageReactionAdd event
[19:32:16 | INFO] > Loaded messageUpdate event
[19:32:16 | INFO] > Loaded rateLimit event
[19:32:16 | INFO] > Loaded ready event
[19:32:16 | INFO] > Loaded warn event
[19:32:16 | INFO] > Loaded -add command
[19:32:16 | INFO] > Loaded -close command
[19:32:16 | INFO] > Loaded -closeall command
[19:32:16 | INFO] > Loaded -delete command
[19:32:16 | INFO] > Loaded -help command
[19:32:16 | INFO] > Loaded -new command
[19:32:16 | INFO] > Loaded -panel command
[19:32:16 | INFO] > Loaded -remove command
[19:32:16 | INFO] > Loaded -rename command
[19:32:16 | INFO] > Loaded -stats command
[19:32:16 | INFO] > Loaded -tickets command
[19:32:16 | INFO] > Loaded -topic command
[19:32:16 | INFO] > Loaded -transcript command
[19:32:16 | INFO] > Loaded -transfer command
[19:32:16 | INFO] Loaded 9 events and 14 commands
[19:32:17 | INFO] Authenticated as Discord Bot test#8757

    
<-<-<================================================================================>->->
    File generated by leekslazylogger v2.0.7 by eartharoid (http://leeks.js.org/logger)
    DiscordTickets | Log File
    Friday, 12th February 2021, 19:55 pm (Europe/Amsterdam) -->
    Node: v14.15.4 on 'Windows' | Time format: 'HH:mm:ss' | Date format: 'YYYY-MM-DD'
<-<-<================================================================================>->->


[19:55:14 | INFO] Using SQLite storage
[19:55:14 | INFO] > Loaded debug event
[19:55:14 | INFO] > Loaded error event
[19:55:14 | INFO] > Loaded message event
[19:55:14 | INFO] > Loaded messageDelete event
[19:55:14 | INFO] > Loaded messageReactionAdd event
[19:55:14 | INFO] > Loaded messageUpdate event
[19:55:14 | INFO] > Loaded rateLimit event
[19:55:14 | INFO] > Loaded ready event
[19:55:14 | INFO] > Loaded warn event
[19:55:14 | INFO] > Loaded -add command
[19:55:14 | INFO] > Loaded -close command
[19:55:15 | INFO] > Loaded -closeall command
[19:55:15 | INFO] > Loaded -delete command
[19:55:15 | INFO] > Loaded -help command
[19:55:15 | INFO] > Loaded -new command
[19:55:15 | INFO] > Loaded -panel command
[19:55:15 | INFO] > Loaded -remove command
[19:55:15 | INFO] > Loaded -rename command
[19:55:15 | INFO] > Loaded -stats command
[19:55:15 | INFO] > Loaded -tickets command
[19:55:15 | INFO] > Loaded -topic command
[19:55:15 | INFO] > Loaded -transcript command
[19:55:15 | INFO] > Loaded -transfer command
[19:55:15 | INFO] Loaded 9 events and 14 commands
[19:55:16 | INFO] Authenticated as Discord Bot test#8757

    
<-<-<================================================================================>->->
    File generated by leekslazylogger v2.0.7 by eartharoid (http://leeks.js.org/logger)
    DiscordTickets | Log File
    Friday, 12th February 2021, 19:56 pm (Europe/Amsterdam) -->
    Node: v14.15.4 on 'Windows' | Time format: 'HH:mm:ss' | Date format: 'YYYY-MM-DD'
<-<-<================================================================================>->->


[19:56:17 | INFO] Using SQLite storage
[19:56:17 | INFO] > Loaded debug event
[19:56:17 | INFO] > Loaded error event
[19:56:17 | INFO] > Loaded message event
[19:56:17 | INFO] > Loaded messageDelete event
[19:56:17 | INFO] > Loaded messageReactionAdd event
[19:56:17 | INFO] > Loaded messageUpdate event
[19:56:17 | INFO] > Loaded rateLimit event
[19:56:17 | INFO] > Loaded ready event
[19:56:17 | INFO] > Loaded warn event
[19:56:17 | INFO] > Loaded -add command
[19:56:17 | INFO] > Loaded -close command
[19:56:17 | INFO] > Loaded -closeall command
[19:56:18 | INFO] > Loaded -delete command
[19:56:18 | INFO] > Loaded -help command
[19:56:18 | INFO] > Loaded -new command
[19:56:18 | INFO] > Loaded -panel command
[19:56:18 | INFO] > Loaded -remove command
[19:56:18 | INFO] > Loaded -rename command
[19:56:18 | INFO] > Loaded -stats command
[19:56:18 | INFO] > Loaded -tickets command
[19:56:18 | INFO] > Loaded -topic command
[19:56:18 | INFO] > Loaded -transcript command
[19:56:18 | INFO] > Loaded -transfer command
[19:56:18 | INFO] Loaded 9 events and 14 commands
[19:56:19 | INFO] Authenticated as Discord Bot test#8757

    
<-<-<================================================================================>->->
    File generated by leekslazylogger v2.0.7 by eartharoid (http://leeks.js.org/logger)
    DiscordTickets | Log File
    Friday, 12th February 2021, 20:04 pm (Europe/Amsterdam) -->
    Node: v14.15.4 on 'Windows' | Time format: 'HH:mm:ss' | Date format: 'YYYY-MM-DD'
<-<-<================================================================================>->->


[20:04:56 | INFO] Using SQLite storage
[20:04:57 | INFO] > Loaded debug event
[20:04:57 | INFO] > Loaded error event
[20:04:57 | INFO] > Loaded message event
[20:04:57 | INFO] > Loaded messageDelete event
[20:04:57 | INFO] > Loaded messageReactionAdd event
[20:04:57 | INFO] > Loaded messageUpdate event
[20:04:57 | INFO] > Loaded rateLimit event
[20:04:57 | INFO] > Loaded ready event
[20:04:57 | INFO] > Loaded warn event
[20:04:57 | INFO] > Loaded -add command
[20:04:57 | INFO] > Loaded -close command
[20:04:57 | INFO] > Loaded -closeall command
[20:04:57 | INFO] > Loaded -delete command
[20:04:57 | INFO] > Loaded -help command
[20:04:57 | INFO] > Loaded -new command
[20:04:57 | INFO] > Loaded -panel command
[20:04:57 | INFO] > Loaded -remove command
[20:04:57 | INFO] > Loaded -rename command
[20:04:57 | INFO] > Loaded -stats command
[20:04:57 | INFO] > Loaded -tickets command
[20:04:57 | INFO] > Loaded -topic command
[20:04:57 | INFO] > Loaded -transcript command
[20:04:57 | INFO] > Loaded -transfer command
[20:04:57 | INFO] Loaded 9 events and 14 commands
[20:04:58 | INFO] Authenticated as Discord Bot test#8757

    
<-<-<================================================================================>->->
    File generated by leekslazylogger v2.0.7 by eartharoid (http://leeks.js.org/logger)
    DiscordTickets | Log File
    Friday, 12th February 2021, 20:08 pm (Europe/Amsterdam) -->
    Node: v14.15.4 on 'Windows' | Time format: 'HH:mm:ss' | Date format: 'YYYY-MM-DD'
<-<-<================================================================================>->->


[20:08:38 | INFO] Using SQLite storage
[20:08:38 | INFO] > Loaded debug event
[20:08:38 | INFO] > Loaded error event
[20:08:38 | INFO] > Loaded message event
[20:08:38 | INFO] > Loaded messageDelete event
[20:08:38 | INFO] > Loaded messageReactionAdd event
[20:08:38 | INFO] > Loaded messageUpdate event
[20:08:38 | INFO] > Loaded rateLimit event
[20:08:38 | INFO] > Loaded ready event
[20:08:38 | INFO] > Loaded warn event
[20:08:38 | INFO] > Loaded -add command
[20:08:38 | INFO] > Loaded -close command
[20:08:38 | INFO] > Loaded -closeall command
[20:08:38 | INFO] > Loaded -delete command
[20:08:38 | INFO] > Loaded -help command
[20:08:38 | INFO] > Loaded -new command
[20:08:38 | INFO] > Loaded -panel command
[20:08:38 | INFO] > Loaded -remove command
[20:08:38 | INFO] > Loaded -rename command
[20:08:38 | INFO] > Loaded -stats command
[20:08:38 | INFO] > Loaded -tickets command
[20:08:38 | INFO] > Loaded -topic command
[20:08:38 | INFO] > Loaded -transcript command
[20:08:38 | INFO] > Loaded -transfer command
[20:08:38 | INFO] Loaded 9 events and 14 commands
[20:08:39 | INFO] Authenticated as Discord Bot test#8757

    
<-<-<================================================================================>->->
    File generated by leekslazylogger v2.0.7 by eartharoid (http://leeks.js.org/logger)
    DiscordTickets | Log File
    Friday, 12th February 2021, 20:10 pm (Europe/Amsterdam) -->
    Node: v14.15.4 on 'Windows' | Time format: 'HH:mm:ss' | Date format: 'YYYY-MM-DD'
<-<-<================================================================================>->->


[20:10:44 | INFO] Using SQLite storage
[20:10:45 | INFO] > Loaded debug event
[20:10:45 | INFO] > Loaded error event
[20:10:45 | INFO] > Loaded message event
[20:10:45 | INFO] > Loaded messageDelete event
[20:10:45 | INFO] > Loaded messageReactionAdd event
[20:10:45 | INFO] > Loaded messageUpdate event
[20:10:45 | INFO] > Loaded rateLimit event
[20:10:45 | INFO] > Loaded ready event
[20:10:45 | INFO] > Loaded warn event
[20:10:45 | INFO] > Loaded -add command
[20:10:45 | INFO] > Loaded -close command
[20:10:45 | INFO] > Loaded -closeall command
[20:10:45 | INFO] > Loaded -delete command
[20:10:45 | INFO] > Loaded -help command
[20:10:45 | INFO] > Loaded -new command
[20:10:45 | INFO] > Loaded -panel command
[20:10:45 | INFO] > Loaded -remove command
[20:10:45 | INFO] > Loaded -rename command
[20:10:45 | INFO] > Loaded -stats command
[20:10:45 | INFO] > Loaded -tickets command
[20:10:45 | INFO] > Loaded -topic command
[20:10:45 | INFO] > Loaded -transcript command
[20:10:45 | INFO] > Loaded -transfer command
[20:10:45 | INFO] Loaded 9 events and 14 commands
[20:10:46 | INFO] Authenticated as Discord Bot test#8757
[20:10:57 | WARN] An error was not caught
[20:10:57 | WARN] Uncaught ReferenceError: Cannot access 'guild' before initialization
[20:10:57 | ERROR] ReferenceError: Cannot access 'guild' before initialization
    at Object.execute (C:\Users\raymo\OneDrive\Bureaublad\cmder\DiscordTickets\src\events\message.js:18:41)
    at Client.<anonymous> (C:\Users\raymo\OneDrive\Bureaublad\cmder\DiscordTickets\src\index.js:130:68)
    at Client.emit (events.js:315:20)
    at MessageCreateAction.handle (C:\Users\raymo\OneDrive\Bureaublad\cmder\DiscordTickets\node_modules\discord.js\src\client\actions\MessageCreate.js:31:14)
    at Object.module.exports [as MESSAGE_CREATE] (C:\Users\raymo\OneDrive\Bureaublad\cmder\DiscordTickets\node_modules\discord.js\src\client\websocket\handlers\MESSAGE_CREATE.js:4:32)
    at WebSocketManager.handlePacket (C:\Users\raymo\OneDrive\Bureaublad\cmder\DiscordTickets\node_modules\discord.js\src\client\websocket\WebSocketManager.js:384:31)
    at WebSocketShard.onPacket (C:\Users\raymo\OneDrive\Bureaublad\cmder\DiscordTickets\node_modules\discord.js\src\client\websocket\WebSocketShard.js:444:22)
    at WebSocketShard.onMessage (C:\Users\raymo\OneDrive\Bureaublad\cmder\DiscordTickets\node_modules\discord.js\src\client\websocket\WebSocketShard.js:301:10)
    at WebSocket.onMessage (C:\Users\raymo\OneDrive\Bureaublad\cmder\DiscordTickets\node_modules\ws\lib\event-target.js:132:16)
    at WebSocket.emit (events.js:315:20)

    
<-<-<================================================================================>->->
    File generated by leekslazylogger v2.0.7 by eartharoid (http://leeks.js.org/logger)
    DiscordTickets | Log File
    Friday, 12th February 2021, 20:13 pm (Europe/Amsterdam) -->
    Node: v14.15.4 on 'Windows' | Time format: 'HH:mm:ss' | Date format: 'YYYY-MM-DD'
<-<-<================================================================================>->->


[20:13:51 | INFO] Using SQLite storage
[20:13:52 | INFO] > Loaded debug event
[20:13:52 | INFO] > Loaded error event
[20:13:52 | INFO] > Loaded message event
[20:13:52 | INFO] > Loaded messageDelete event
[20:13:52 | INFO] > Loaded messageReactionAdd event
[20:13:52 | INFO] > Loaded messageUpdate event
[20:13:52 | INFO] > Loaded rateLimit event
[20:13:52 | INFO] > Loaded ready event
[20:13:52 | INFO] > Loaded warn event
[20:13:52 | INFO] > Loaded -add command
[20:13:52 | INFO] > Loaded -close command
[20:13:52 | INFO] > Loaded -closeall command
[20:13:52 | INFO] > Loaded -delete command
[20:13:52 | INFO] > Loaded -help command
[20:13:52 | INFO] > Loaded -new command
[20:13:52 | INFO] > Loaded -panel command
[20:13:52 | INFO] > Loaded -remove command
[20:13:52 | INFO] > Loaded -rename command
[20:13:52 | INFO] > Loaded -stats command
[20:13:52 | INFO] > Loaded -tickets command
[20:13:52 | INFO] > Loaded -topic command
[20:13:52 | INFO] > Loaded -transcript command
[20:13:52 | INFO] > Loaded -transfer command
[20:13:52 | INFO] Loaded 9 events and 14 commands
[20:13:53 | INFO] Authenticated as Discord Bot test#8757
[20:13:59 | WARN] An error was not caught
[20:13:59 | WARN] Uncaught TypeError: Cannot read property 'id' of undefined
[20:13:59 | ERROR] TypeError: Cannot read property 'id' of undefined
    at Object.execute (C:\Users\raymo\OneDrive\Bureaublad\cmder\DiscordTickets\src\events\message.js:59:34)

    
<-<-<================================================================================>->->
    File generated by leekslazylogger v2.0.7 by eartharoid (http://leeks.js.org/logger)
    DiscordTickets | Log File
    Friday, 12th February 2021, 20:14 pm (Europe/Amsterdam) -->
    Node: v14.15.4 on 'Windows' | Time format: 'HH:mm:ss' | Date format: 'YYYY-MM-DD'
<-<-<================================================================================>->->


[20:14:43 | INFO] Using SQLite storage
[20:14:44 | INFO] > Loaded debug event
[20:14:44 | INFO] > Loaded error event
[20:14:44 | INFO] > Loaded message event
[20:14:44 | INFO] > Loaded messageDelete event
[20:14:44 | INFO] > Loaded messageReactionAdd event
[20:14:44 | INFO] > Loaded messageUpdate event
[20:14:44 | INFO] > Loaded rateLimit event
[20:14:44 | INFO] > Loaded ready event
[20:14:44 | INFO] > Loaded warn event
[20:14:44 | INFO] > Loaded -add command
[20:14:44 | INFO] > Loaded -close command
[20:14:44 | INFO] > Loaded -closeall command
[20:14:44 | INFO] > Loaded -delete command
[20:14:44 | INFO] > Loaded -help command
[20:14:44 | INFO] > Loaded -new command
[20:14:44 | INFO] > Loaded -panel command
[20:14:44 | INFO] > Loaded -remove command
[20:14:44 | INFO] > Loaded -rename command
[20:14:44 | INFO] > Loaded -stats command
[20:14:44 | INFO] > Loaded -tickets command
[20:14:44 | INFO] > Loaded -topic command
[20:14:44 | INFO] > Loaded -transcript command
[20:14:44 | INFO] > Loaded -transfer command
[20:14:44 | INFO] Loaded 9 events and 14 commands
[20:14:45 | INFO] Authenticated as Discord Bot test#8757
[20:15:07 | INFO] Received a DM from Raymond#1362: help
[20:15:16 | INFO] Received a DM from Raymond#1362: -new
[20:15:21 | INFO] Received a DM from Raymond#1362: -new
[20:15:29 | INFO] Received a DM from Raymond#1362: new
[20:15:34 | INFO] Received a DM from Raymond#1362: helo
[20:15:42 | INFO] Received a DM from Raymond#1362: debug
[20:15:49 | INFO] Received a DM from Raymond#1362: -debug

    
<-<-<================================================================================>->->
    File generated by leekslazylogger v2.0.7 by eartharoid (http://leeks.js.org/logger)
    DiscordTickets | Log File
    Friday, 12th February 2021, 20:16 pm (Europe/Amsterdam) -->
    Node: v14.15.4 on 'Windows' | Time format: 'HH:mm:ss' | Date format: 'YYYY-MM-DD'
<-<-<================================================================================>->->


[20:16:31 | INFO] Using SQLite storage
[20:16:31 | INFO] > Loaded debug event
[20:16:31 | INFO] > Loaded error event
[20:16:31 | INFO] > Loaded message event
[20:16:31 | INFO] > Loaded messageDelete event
[20:16:31 | INFO] > Loaded messageReactionAdd event
[20:16:31 | INFO] > Loaded messageUpdate event
[20:16:31 | INFO] > Loaded rateLimit event
[20:16:32 | INFO] > Loaded ready event
[20:16:32 | INFO] > Loaded warn event
[20:16:32 | INFO] > Loaded -add command
[20:16:32 | INFO] > Loaded -close command
[20:16:32 | INFO] > Loaded -closeall command
[20:16:32 | INFO] > Loaded -delete command
[20:16:32 | INFO] > Loaded -help command
[20:16:32 | INFO] > Loaded -new command
[20:16:32 | INFO] > Loaded -panel command
[20:16:32 | INFO] > Loaded -remove command
[20:16:32 | INFO] > Loaded -rename command
[20:16:32 | INFO] > Loaded -stats command
[20:16:32 | INFO] > Loaded -tickets command
[20:16:32 | INFO] > Loaded -topic command
[20:16:32 | INFO] > Loaded -transcript command
[20:16:32 | INFO] > Loaded -transfer command
[20:16:32 | INFO] Loaded 9 events and 14 commands
[20:16:33 | INFO] Authenticated as Discord Bot test#8757
[20:16:38 | INFO] Received a DM from Raymond#1362: help

    
<-<-<================================================================================>->->
    File generated by leekslazylogger v2.0.7 by eartharoid (http://leeks.js.org/logger)
    DiscordTickets | Log File
    Friday, 12th February 2021, 20:17 pm (Europe/Amsterdam) -->
    Node: v14.15.4 on 'Windows' | Time format: 'HH:mm:ss' | Date format: 'YYYY-MM-DD'
<-<-<================================================================================>->->


[20:17:32 | INFO] Using SQLite storage
[20:17:33 | INFO] > Loaded debug event
[20:17:33 | INFO] > Loaded error event
[20:17:33 | INFO] > Loaded message event
[20:17:33 | INFO] > Loaded messageDelete event
[20:17:33 | INFO] > Loaded messageReactionAdd event
[20:17:33 | INFO] > Loaded messageUpdate event
[20:17:33 | INFO] > Loaded rateLimit event
[20:17:33 | INFO] > Loaded ready event
[20:17:33 | INFO] > Loaded warn event
[20:17:33 | INFO] > Loaded -add command
[20:17:33 | INFO] > Loaded -close command
[20:17:33 | INFO] > Loaded -closeall command
[20:17:33 | INFO] > Loaded -delete command
[20:17:33 | INFO] > Loaded -help command
[20:17:33 | INFO] > Loaded -new command
[20:17:33 | INFO] > Loaded -panel command
[20:17:33 | INFO] > Loaded -remove command
[20:17:33 | INFO] > Loaded -rename command
[20:17:33 | INFO] > Loaded -stats command
[20:17:33 | INFO] > Loaded -tickets command
[20:17:33 | INFO] > Loaded -topic command
[20:17:33 | INFO] > Loaded -transcript command
[20:17:33 | INFO] > Loaded -transfer command
[20:17:33 | INFO] Loaded 9 events and 14 commands
[20:17:34 | INFO] Authenticated as Discord Bot test#8757

    
<-<-<================================================================================>->->
    File generated by leekslazylogger v2.0.7 by eartharoid (http://leeks.js.org/logger)
    DiscordTickets | Log File
    Friday, 12th February 2021, 20:17 pm (Europe/Amsterdam) -->
    Node: v14.15.4 on 'Windows' | Time format: 'HH:mm:ss' | Date format: 'YYYY-MM-DD'
<-<-<================================================================================>->->


[20:17:55 | INFO] Using SQLite storage
[20:17:56 | INFO] > Loaded debug event
[20:17:56 | INFO] > Loaded error event
[20:17:56 | INFO] > Loaded message event
[20:17:56 | INFO] > Loaded messageDelete event
[20:17:56 | INFO] > Loaded messageReactionAdd event
[20:17:56 | INFO] > Loaded messageUpdate event
[20:17:56 | INFO] > Loaded rateLimit event
[20:17:56 | INFO] > Loaded ready event
[20:17:56 | INFO] > Loaded warn event
[20:17:56 | INFO] > Loaded -add command
[20:17:56 | INFO] > Loaded -close command
[20:17:56 | INFO] > Loaded -closeall command
[20:17:56 | INFO] > Loaded -delete command
[20:17:56 | INFO] > Loaded -help command
[20:17:56 | INFO] > Loaded -new command
[20:17:56 | INFO] > Loaded -panel command
[20:17:56 | INFO] > Loaded -remove command
[20:17:56 | INFO] > Loaded -rename command
[20:17:56 | INFO] > Loaded -stats command
[20:17:56 | INFO] > Loaded -tickets command
[20:17:56 | INFO] > Loaded -topic command
[20:17:56 | INFO] > Loaded -transcript command
[20:17:56 | INFO] > Loaded -transfer command
[20:17:56 | INFO] Loaded 9 events and 14 commands
[20:17:57 | INFO] Authenticated as Discord Bot test#8757
[20:17:58 | WARN] An error was not caught
[20:17:58 | WARN] Uncaught TypeError: Cannot read property 'id' of undefined
[20:17:58 | ERROR] TypeError: Cannot read property 'id' of undefined
    at Object.execute (C:\Users\raymo\OneDrive\Bureaublad\cmder\DiscordTickets\src\events\message.js:59:31)

    
<-<-<================================================================================>->->
    File generated by leekslazylogger v2.0.7 by eartharoid (http://leeks.js.org/logger)
    DiscordTickets | Log File
    Friday, 12th February 2021, 20:20 pm (Europe/Amsterdam) -->
    Node: v14.15.4 on 'Windows' | Time format: 'HH:mm:ss' | Date format: 'YYYY-MM-DD'
<-<-<================================================================================>->->


[20:20:04 | INFO] Using SQLite storage
[20:20:04 | INFO] > Loaded debug event
[20:20:04 | INFO] > Loaded error event
[20:20:05 | INFO] > Loaded message event
[20:20:05 | INFO] > Loaded messageDelete event
[20:20:05 | INFO] > Loaded messageReactionAdd event
[20:20:05 | INFO] > Loaded messageUpdate event
[20:20:05 | INFO] > Loaded rateLimit event
[20:20:05 | INFO] > Loaded ready event
[20:20:05 | INFO] > Loaded warn event
[20:20:05 | INFO] > Loaded -add command
[20:20:05 | INFO] > Loaded -close command
[20:20:05 | INFO] > Loaded -closeall command
[20:20:05 | INFO] > Loaded -delete command
[20:20:05 | INFO] > Loaded -help command
[20:20:05 | INFO] > Loaded -new command
[20:20:05 | INFO] > Loaded -panel command
[20:20:05 | INFO] > Loaded -remove command
[20:20:05 | INFO] > Loaded -rename command
[20:20:05 | INFO] > Loaded -stats command
[20:20:05 | INFO] > Loaded -tickets command
[20:20:05 | INFO] > Loaded -topic command
[20:20:05 | INFO] > Loaded -transcript command
[20:20:05 | INFO] > Loaded -transfer command
[20:20:05 | INFO] Loaded 9 events and 14 commands
[20:20:06 | INFO] Authenticated as Discord Bot test#8757

    
<-<-<================================================================================>->->
    File generated by leekslazylogger v2.0.7 by eartharoid (http://leeks.js.org/logger)
    DiscordTickets | Log File
    Friday, 12th February 2021, 20:21 pm (Europe/Amsterdam) -->
    Node: v14.15.4 on 'Windows' | Time format: 'HH:mm:ss' | Date format: 'YYYY-MM-DD'
<-<-<================================================================================>->->


[20:21:43 | INFO] Using SQLite storage
[20:21:44 | INFO] > Loaded debug event
[20:21:44 | INFO] > Loaded error event
[20:21:44 | INFO] > Loaded message event
[20:21:44 | INFO] > Loaded messageDelete event
[20:21:44 | INFO] > Loaded messageReactionAdd event
[20:21:44 | INFO] > Loaded messageUpdate event
[20:21:44 | INFO] > Loaded rateLimit event
[20:21:44 | INFO] > Loaded ready event
[20:21:44 | INFO] > Loaded warn event
[20:21:44 | INFO] > Loaded -add command
[20:21:44 | INFO] > Loaded -close command
[20:21:44 | INFO] > Loaded -closeall command
[20:21:44 | INFO] > Loaded -delete command
[20:21:44 | INFO] > Loaded -help command
[20:21:44 | INFO] > Loaded -new command
[20:21:44 | INFO] > Loaded -panel command
[20:21:44 | INFO] > Loaded -remove command
[20:21:44 | INFO] > Loaded -rename command
[20:21:44 | INFO] > Loaded -stats command
[20:21:44 | INFO] > Loaded -tickets command
[20:21:44 | INFO] > Loaded -topic command
[20:21:44 | INFO] > Loaded -transcript command
[20:21:44 | INFO] > Loaded -transfer command
[20:21:44 | INFO] Loaded 9 events and 14 commands
[20:21:45 | INFO] Authenticated as Discord Bot test#8757
[20:21:52 | WARN] An error was not caught
[20:21:52 | WARN] Uncaught TypeError: Cannot read property 'id' of undefined
[20:21:52 | ERROR] TypeError: Cannot read property 'id' of undefined
    at Object.execute (C:\Users\raymo\OneDrive\Bureaublad\cmder\DiscordTickets\src\events\message.js:59:31)

    
<-<-<================================================================================>->->
    File generated by leekslazylogger v2.0.7 by eartharoid (http://leeks.js.org/logger)
    DiscordTickets | Log File
    Friday, 12th February 2021, 20:22 pm (Europe/Amsterdam) -->
    Node: v14.15.4 on 'Windows' | Time format: 'HH:mm:ss' | Date format: 'YYYY-MM-DD'
<-<-<================================================================================>->->


[20:22:18 | INFO] Using SQLite storage
[20:22:19 | INFO] > Loaded debug event
[20:22:19 | INFO] > Loaded error event
[20:22:19 | INFO] > Loaded message event
[20:22:19 | INFO] > Loaded messageDelete event
[20:22:19 | INFO] > Loaded messageReactionAdd event
[20:22:19 | INFO] > Loaded messageUpdate event
[20:22:19 | INFO] > Loaded rateLimit event
[20:22:19 | INFO] > Loaded ready event
[20:22:19 | INFO] > Loaded warn event
[20:22:19 | INFO] > Loaded -add command
[20:22:19 | INFO] > Loaded -close command
[20:22:19 | INFO] > Loaded -closeall command
[20:22:19 | INFO] > Loaded -delete command
[20:22:19 | INFO] > Loaded -help command
[20:22:19 | INFO] > Loaded -new command
[20:22:19 | INFO] > Loaded -panel command
[20:22:19 | INFO] > Loaded -remove command
[20:22:19 | INFO] > Loaded -rename command
[20:22:19 | INFO] > Loaded -stats command
[20:22:19 | INFO] > Loaded -tickets command
[20:22:19 | INFO] > Loaded -topic command
[20:22:19 | INFO] > Loaded -transcript command
[20:22:19 | INFO] > Loaded -transfer command
[20:22:19 | INFO] Loaded 9 events and 14 commands
[20:22:21 | INFO] Authenticated as Discord Bot test#8757

    
<-<-<================================================================================>->->
    File generated by leekslazylogger v2.0.7 by eartharoid (http://leeks.js.org/logger)
    DiscordTickets | Log File
    Friday, 12th February 2021, 20:22 pm (Europe/Amsterdam) -->
    Node: v14.15.4 on 'Windows' | Time format: 'HH:mm:ss' | Date format: 'YYYY-MM-DD'
<-<-<================================================================================>->->


[20:22:58 | INFO] Using SQLite storage
[20:22:59 | INFO] > Loaded debug event
[20:22:59 | INFO] > Loaded error event
[20:22:59 | INFO] > Loaded message event
[20:22:59 | INFO] > Loaded messageDelete event
[20:22:59 | INFO] > Loaded messageReactionAdd event
[20:22:59 | INFO] > Loaded messageUpdate event
[20:22:59 | INFO] > Loaded rateLimit event
[20:22:59 | INFO] > Loaded ready event
[20:22:59 | INFO] > Loaded warn event
[20:22:59 | INFO] > Loaded -add command
[20:22:59 | INFO] > Loaded -close command
[20:22:59 | INFO] > Loaded -closeall command
[20:22:59 | INFO] > Loaded -delete command
[20:22:59 | INFO] > Loaded -help command
[20:22:59 | INFO] > Loaded -new command
[20:22:59 | INFO] > Loaded -panel command
[20:22:59 | INFO] > Loaded -remove command
[20:22:59 | INFO] > Loaded -rename command
[20:22:59 | INFO] > Loaded -stats command
[20:22:59 | INFO] > Loaded -tickets command
[20:22:59 | INFO] > Loaded -topic command
[20:22:59 | INFO] > Loaded -transcript command
[20:22:59 | INFO] > Loaded -transfer command
[20:22:59 | INFO] Loaded 9 events and 14 commands
[20:23:00 | INFO] Authenticated as Discord Bot test#8757

    
<-<-<================================================================================>->->
    File generated by leekslazylogger v2.0.7 by eartharoid (http://leeks.js.org/logger)
    DiscordTickets | Log File
    Friday, 12th February 2021, 20:23 pm (Europe/Amsterdam) -->
    Node: v14.15.4 on 'Windows' | Time format: 'HH:mm:ss' | Date format: 'YYYY-MM-DD'
<-<-<================================================================================>->->


[20:23:24 | INFO] Using SQLite storage
[20:23:24 | INFO] > Loaded debug event
[20:23:24 | INFO] > Loaded error event
[20:23:24 | INFO] > Loaded message event
[20:23:24 | INFO] > Loaded messageDelete event
[20:23:24 | INFO] > Loaded messageReactionAdd event
[20:23:24 | INFO] > Loaded messageUpdate event
[20:23:24 | INFO] > Loaded rateLimit event
[20:23:24 | INFO] > Loaded ready event
[20:23:24 | INFO] > Loaded warn event
[20:23:24 | INFO] > Loaded -add command
[20:23:24 | INFO] > Loaded -close command
[20:23:24 | INFO] > Loaded -closeall command
[20:23:24 | INFO] > Loaded -delete command
[20:23:25 | INFO] > Loaded -help command
[20:23:25 | INFO] > Loaded -new command
[20:23:25 | INFO] > Loaded -panel command
[20:23:25 | INFO] > Loaded -remove command
[20:23:25 | INFO] > Loaded -rename command
[20:23:25 | INFO] > Loaded -stats command
[20:23:25 | INFO] > Loaded -tickets command
[20:23:25 | INFO] > Loaded -topic command
[20:23:25 | INFO] > Loaded -transcript command
[20:23:25 | INFO] > Loaded -transfer command
[20:23:25 | INFO] Loaded 9 events and 14 commands
[20:23:26 | INFO] Authenticated as Discord Bot test#8757
[20:23:27 | WARN] An error was not caught
[20:23:27 | WARN] Uncaught TypeError: Cannot read property 'id' of undefined
[20:23:27 | ERROR] TypeError: Cannot read property 'id' of undefined
    at Object.execute (C:\Users\raymo\OneDrive\Bureaublad\cmder\DiscordTickets\src\events\message.js:59:34)

    
<-<-<================================================================================>->->
    File generated by leekslazylogger v2.0.7 by eartharoid (http://leeks.js.org/logger)
    DiscordTickets | Log File
    Friday, 12th February 2021, 20:25 pm (Europe/Amsterdam) -->
    Node: v14.15.4 on 'Windows' | Time format: 'HH:mm:ss' | Date format: 'YYYY-MM-DD'
<-<-<================================================================================>->->


[20:25:19 | INFO] Using SQLite storage
[20:25:20 | INFO] > Loaded debug event
[20:25:20 | INFO] > Loaded error event
[20:25:20 | INFO] > Loaded message event
[20:25:20 | INFO] > Loaded messageDelete event
[20:25:20 | INFO] > Loaded messageReactionAdd event
[20:25:20 | INFO] > Loaded messageUpdate event
[20:25:20 | INFO] > Loaded rateLimit event
[20:25:20 | INFO] > Loaded ready event
[20:25:20 | INFO] > Loaded warn event
[20:25:20 | INFO] > Loaded -add command
[20:25:20 | INFO] > Loaded -close command
[20:25:20 | INFO] > Loaded -closeall command
[20:25:20 | INFO] > Loaded -delete command
[20:25:20 | INFO] > Loaded -help command
[20:25:20 | INFO] > Loaded -new command
[20:25:20 | INFO] > Loaded -panel command
[20:25:20 | INFO] > Loaded -remove command
[20:25:20 | INFO] > Loaded -rename command
[20:25:20 | INFO] > Loaded -stats command
[20:25:20 | INFO] > Loaded -tickets command
[20:25:20 | INFO] > Loaded -topic command
[20:25:20 | INFO] > Loaded -transcript command
[20:25:20 | INFO] > Loaded -transfer command
[20:25:20 | INFO] Loaded 9 events and 14 commands
[20:25:21 | INFO] Authenticated as Discord Bot test#8757
[20:25:28 | INFO] Raymond#1362 used the 'help' command
[20:25:32 | INFO] Raymond#1362 used the 'new' command
[20:25:40 | INFO] Raymond#1362 created a new ticket (#ticket-1)
[20:25:59 | INFO] Raymond#1362 used the 'help' command
[20:26:24 | INFO] Raymond#1362 used the 'transcript' command
[20:26:37 | INFO] Raymond#1362 used the 'close' command
[20:26:42 | INFO] Raymond#1362 closed a ticket (#ticket-1)
[20:27:33 | INFO] Received a DM from Raymond#1362: help
[20:27:36 | INFO] Received a DM from Raymond#1362: -new
[20:27:42 | INFO] Raymond#1362 used the 'help' command
[20:27:49 | INFO] Raymond#1362 used the 'stats' command
[20:28:03 | INFO] Raymond#1362 used the 'transcript' command
[20:28:17 | INFO] Raymond#1362 used the 'transcript' command
[20:28:58 | INFO] Raymond#1362 used the 'tickets' command
[22:33:37 | INFO] Raymond#1362 used the 'help' command
[22:33:51 | INFO] Raymond#1362 used the 'panel' command
[22:33:52 | INFO] Raymond#1362 created a panel widget
[22:34:07 | INFO] Raymond#1362 created a new ticket (#ticket-2) via panel
[22:34:44 | INFO] Raymond#1362 used the 'help' command
[22:35:15 | INFO] Raymond#1362 used the 'help' command
[22:36:13 | INFO] Raymond#1362 used the 'transfer' command
[22:36:37 | INFO] Raymond#1362 used the 'transfer' command
[22:36:53 | INFO] Raymond#1362 used the 'close' command
[22:36:55 | WARN] Could not create DM channel with Discord Bot test#8757
[22:36:56 | INFO] Raymond#1362 closed a ticket (#ticket-2)
[22:37:10 | INFO] Raymond#1362 used the 'new' command
[22:37:12 | INFO] Raymond#1362 created a new ticket (#ticket-3)
[22:37:49 | INFO] Raymond#1362 used the 'help' command
[22:38:20 | INFO] Raymond#1362 used the 'stats' command
[22:39:20 | INFO] Raymond#1362 used the 'topic' command
[22:39:58 | INFO] Raymond#1362 used the 'tickets' command
[22:40:24 | INFO] Received a DM from Raymond#1362: -transcript 1
[22:40:36 | INFO] Raymond#1362 used the 'transcript' command
[22:44:18 | INFO] Raymond#1362 used the 'rename' command
[22:44:28 | INFO] Raymond#1362 used the 'close' command
[22:44:30 | INFO] Raymond#1362 closed a ticket (#ticket-3)
[22:46:56 | INFO] Raymond#1362 created a new ticket (#ticket-4) via panel
[22:46:59 | INFO] Raymond#1362 created a new ticket (#ticket-5) via panel
[22:47:00 | INFO] Raymond#1362 created a new ticket (#ticket-6) via panel
[22:47:24 | INFO] Raymond#1362 used the 'close' command
[22:47:26 | INFO] Raymond#1362 closed a ticket (#ticket-6)
[22:47:34 | INFO] Raymond#1362 used the 'close' command
[22:47:42 | INFO] Raymond#1362 used the 'close' command
[22:47:43 | INFO] Raymond#1362 closed a ticket (#ticket-5)
[22:47:43 | WARN] An error was not caught
[22:47:43 | WARN] Uncaught DiscordAPIError: Unknown Channel
[22:47:43 | ERROR] DiscordAPIError: Unknown Channel
    at RequestHandler.execute (C:\Users\raymo\OneDrive\Bureaublad\cmder\DiscordTickets\node_modules\discord.js\src\rest\RequestHandler.js:154:13)
    at runMicrotasks (<anonymous>)
    at processTicksAndRejections (internal/process/task_queues.js:93:5)
    at async RequestHandler.push (C:\Users\raymo\OneDrive\Bureaublad\cmder\DiscordTickets\node_modules\discord.js\src\rest\RequestHandler.js:39:14)
[22:47:43 | WARN] An error was not caught
[22:47:43 | WARN] Uncaught DiscordAPIError: Unknown Channel
[22:47:43 | ERROR] DiscordAPIError: Unknown Channel
    at RequestHandler.execute (C:\Users\raymo\OneDrive\Bureaublad\cmder\DiscordTickets\node_modules\discord.js\src\rest\RequestHandler.js:154:13)
    at runMicrotasks (<anonymous>)
    at processTicksAndRejections (internal/process/task_queues.js:93:5)
    at async RequestHandler.push (C:\Users\raymo\OneDrive\Bureaublad\cmder\DiscordTickets\node_modules\discord.js\src\rest\RequestHandler.js:39:14)
[22:47:45 | INFO] Raymond#1362 closed a ticket (#ticket-4)
[22:47:45 | WARN] An error was not caught
[22:47:45 | WARN] Uncaught DiscordAPIError: Unknown Channel
[22:47:45 | ERROR] DiscordAPIError: Unknown Channel
    at RequestHandler.execute (C:\Users\raymo\OneDrive\Bureaublad\cmder\DiscordTickets\node_modules\discord.js\src\rest\RequestHandler.js:154:13)
    at runMicrotasks (<anonymous>)
    at processTicksAndRejections (internal/process/task_queues.js:93:5)
    at async RequestHandler.push (C:\Users\raymo\OneDrive\Bureaublad\cmder\DiscordTickets\node_modules\discord.js\src\rest\RequestHandler.js:39:14)
[22:48:02 | WARN] Rate-limited! (Enable debug mode in config for details)
[22:48:04 | INFO] Raymond#1362 created a new ticket (#ticket-7) via panel
[22:48:05 | INFO] Raymond#1362 created a new ticket (#ticket-8) via panel
[22:48:08 | INFO] Raymond#1362 created a new ticket (#ticket-9) via panel
[22:48:09 | WARN] Rate-limited! (Enable debug mode in config for details)
[22:48:19 | INFO] Raymond#1362 used the 'close' command
[22:48:28 | INFO] Raymond#1362 used the 'closeall' command
[22:48:28 | INFO] Found 3 open tickets
[22:48:30 | INFO] Raymond#1362 closed ticket 7
[22:48:30 | INFO] Raymond#1362 closed ticket 8
[22:48:30 | INFO] Raymond#1362 closed ticket 9
[22:48:31 | INFO] Deleted channel with name: '#ticket-8' <809903675824668673>
[22:48:31 | INFO] Deleted channel with name: '#ticket-7' <809903672238145628>
[22:48:31 | INFO] Deleted channel with name: '#ticket-9' <809903687757594644>
[22:50:09 | INFO] Raymond#1362 used the 'stats' command
[22:50:18 | INFO] Raymond#1362 used the 'tickets' command
[22:52:00 | INFO] Raymond#1362 used the 'new' command
[22:52:01 | INFO] Raymond#1362 created a new ticket (#ticket-10)
[23:02:13 | INFO] Raymond#1362 used the 'help' command
[23:02:33 | INFO] Raymond#1362 used the 'close' command
[23:02:35 | INFO] Raymond#1362 closed a ticket (#ticket-10)
[23:03:16 | INFO] Raymond#1362 used the 'tickets' command

    
<-<-<================================================================================>->->
    File generated by leekslazylogger v2.0.7 by eartharoid (http://leeks.js.org/logger)
    DiscordTickets | Log File
    Friday, 12th February 2021, 23:47 pm (Europe/Amsterdam) -->
    Node: v14.15.4 on 'Windows' | Time format: 'HH:mm:ss' | Date format: 'YYYY-MM-DD'
<-<-<================================================================================>->->


[23:47:51 | INFO] Using SQLite storage
[23:47:51 | INFO] > Loaded debug event
[23:47:51 | INFO] > Loaded error event
[23:47:51 | INFO] > Loaded message event
[23:47:51 | INFO] > Loaded messageDelete event
[23:47:51 | INFO] > Loaded messageReactionAdd event
[23:47:51 | INFO] > Loaded messageUpdate event
[23:47:51 | INFO] > Loaded rateLimit event
[23:47:51 | INFO] > Loaded ready event
[23:47:51 | INFO] > Loaded warn event
[23:47:51 | INFO] > Loaded -add command
[23:47:51 | INFO] > Loaded -close command
[23:47:51 | INFO] > Loaded -closeall command
[23:47:51 | INFO] > Loaded -delete command
[23:47:51 | INFO] > Loaded -help command
[23:47:51 | INFO] > Loaded -new command
[23:47:51 | INFO] > Loaded -panel command
[23:47:51 | INFO] > Loaded -remove command
[23:47:51 | INFO] > Loaded -rename command
[23:47:51 | INFO] > Loaded -stats command
[23:47:51 | INFO] > Loaded -tickets command
[23:47:51 | INFO] > Loaded -topic command
[23:47:51 | INFO] > Loaded -transcript command
[23:47:51 | INFO] > Loaded -transfer command
[23:47:51 | INFO] Loaded 9 events and 14 commands
[23:47:52 | INFO] Authenticated as Discord Bot test#8757
[23:48:23 | INFO] Raymond#1362 used the 'stats' command
[23:48:29 | INFO] Raymond#1362 used the 'tickets' command
[23:48:44 | INFO] Received a DM from Raymond#1362: -transcript 10
[23:48:51 | INFO] Raymond#1362 used the 'transcript' command
